{
  "stats": {
    "suites": 12,
    "tests": 41,
    "passes": 1,
    "pending": 0,
    "failures": 40,
    "start": "2022-07-04T17:39:18.478Z",
    "end": "2022-07-04T17:42:23.771Z",
    "duration": 185293,
    "testsRegistered": 41,
    "passPercent": 2.4390243902439024,
    "pendingPercent": 0,
    "other": 0,
    "hasOther": false,
    "skipped": 0,
    "hasSkipped": false
  },
  "results": [
    {
      "uuid": "6a561379-fda6-4384-b32a-fc7f5b8b3759",
      "title": "",
      "fullFile": "cypress/integration/project.spec.js",
      "file": "cypress/integration/project.spec.js",
      "beforeHooks": [],
      "afterHooks": [],
      "tests": [],
      "suites": [
        {
          "uuid": "fb3e2946-25d2-490a-b9b8-75b25ce5daee",
          "title": "1 - Adicione à página o título \"Paleta de Cores\".",
          "fullFile": "",
          "file": "",
          "beforeHooks": [],
          "afterHooks": [],
          "tests": [
            {
              "title": "Verifica se contém um elemento `h1` com o id `title` com o título correto",
              "fullTitle": "1 - Adicione à página o título \"Paleta de Cores\". Verifica se contém um elemento `h1` com o id `title` com o título correto",
              "timedOut": null,
              "duration": 317,
              "state": "passed",
              "speed": "slow",
              "pass": true,
              "fail": false,
              "pending": false,
              "context": null,
              "code": "cy.get('h1#title').should('contain.text', 'Paleta de Cores');",
              "err": {},
              "uuid": "a9bca23e-dc77-486d-a670-1f1520c8939a",
              "parentUUID": "fb3e2946-25d2-490a-b9b8-75b25ce5daee",
              "isHook": false,
              "skipped": false
            }
          ],
          "suites": [],
          "passes": [
            "a9bca23e-dc77-486d-a670-1f1520c8939a"
          ],
          "failures": [],
          "pending": [],
          "skipped": [],
          "duration": 317,
          "root": false,
          "rootEmpty": false,
          "_timeout": 2000
        },
        {
          "uuid": "f3c7b285-daf0-4653-9766-f9eb45e27caf",
          "title": "2 - Adicione à página uma paleta de quatro cores distintas.",
          "fullFile": "",
          "file": "",
          "beforeHooks": [],
          "afterHooks": [],
          "tests": [
            {
              "title": "A paleta de cores deve ser um elemento com `id` denominado `color-palette` e ter mais de 0px de altura e de largura.",
              "fullTitle": "2 - Adicione à página uma paleta de quatro cores distintas. A paleta de cores deve ser um elemento com `id` denominado `color-palette` e ter mais de 0px de altura e de largura.",
              "timedOut": null,
              "duration": 4481,
              "state": "failed",
              "speed": null,
              "pass": false,
              "fail": true,
              "pending": false,
              "context": null,
              "code": "cy.get('#color-palette').should('be.visible');\ncy.get('#color-palette').children('.color');",
              "err": {
                "message": "CypressError: Timed out retrying: Expected to find element: '#color-palette', but never found it.",
                "estack": "CypressError: Timed out retrying: Expected to find element: '#color-palette', but never found it.\n    at cypressErr (http://localhost:42445/__cypress/runner/cypress_runner.js:149934:9)\n    at throwErr (http://localhost:42445/__cypress/runner/cypress_runner.js:149867:11)\n    at Object.throwErrByPath (http://localhost:42445/__cypress/runner/cypress_runner.js:149915:3)\n    at retry (http://localhost:42445/__cypress/runner/cypress_runner.js:144197:19)\n    at onFailFn (http://localhost:42445/__cypress/runner/cypress_runner.js:132448:16)\n    at tryCatcher (http://localhost:42445/__cypress/runner/cypress_runner.js:167415:23)\n    at Promise._settlePromiseFromHandler (http://localhost:42445/__cypress/runner/cypress_runner.js:165351:31)\n    at Promise._settlePromise (http://localhost:42445/__cypress/runner/cypress_runner.js:165408:18)\n    at Promise._settlePromise0 (http://localhost:42445/__cypress/runner/cypress_runner.js:165453:10)\n    at Promise._settlePromises (http://localhost:42445/__cypress/runner/cypress_runner.js:165528:18)\n    at Async../node_modules/bluebird/js/release/async.js.Async._drainQueue (http://localhost:42445/__cypress/runner/cypress_runner.js:162140:16)\n    at Async../node_modules/bluebird/js/release/async.js.Async._drainQueues (http://localhost:42445/__cypress/runner/cypress_runner.js:162150:10)\n    at Async.drainQueues (http://localhost:42445/__cypress/runner/cypress_runner.js:162024:14)",
                "diff": null
              },
              "uuid": "641207ed-268a-4bb4-8b0e-62fc82e6d210",
              "parentUUID": "f3c7b285-daf0-4653-9766-f9eb45e27caf",
              "isHook": false,
              "skipped": false
            },
            {
              "title": "Verifica se cada cor individual da paleta de cores possui a `classe` chamada `color`.",
              "fullTitle": "2 - Adicione à página uma paleta de quatro cores distintas. Verifica se cada cor individual da paleta de cores possui a `classe` chamada `color`.",
              "timedOut": null,
              "duration": 4446,
              "state": "failed",
              "speed": null,
              "pass": false,
              "fail": true,
              "pending": false,
              "context": null,
              "code": "cy.get('.color').should('have.length', 4).then(function (colors) {\n  for (var i = 0; i < colors.length; i++) {\n    cy.wrap(colors[i]).should('be.visible');\n  }\n});",
              "err": {
                "message": "CypressError: Timed out retrying: Expected to find element: '.color', but never found it.",
                "estack": "CypressError: Timed out retrying: Expected to find element: '.color', but never found it.\n    at cypressErr (http://localhost:42445/__cypress/runner/cypress_runner.js:149934:9)\n    at throwErr (http://localhost:42445/__cypress/runner/cypress_runner.js:149867:11)\n    at Object.throwErrByPath (http://localhost:42445/__cypress/runner/cypress_runner.js:149915:3)\n    at retry (http://localhost:42445/__cypress/runner/cypress_runner.js:144197:19)\n    at onFailFn (http://localhost:42445/__cypress/runner/cypress_runner.js:132448:16)\n    at tryCatcher (http://localhost:42445/__cypress/runner/cypress_runner.js:167415:23)\n    at Promise._settlePromiseFromHandler (http://localhost:42445/__cypress/runner/cypress_runner.js:165351:31)\n    at Promise._settlePromise (http://localhost:42445/__cypress/runner/cypress_runner.js:165408:18)\n    at Promise._settlePromise0 (http://localhost:42445/__cypress/runner/cypress_runner.js:165453:10)\n    at Promise._settlePromises (http://localhost:42445/__cypress/runner/cypress_runner.js:165528:18)\n    at Async../node_modules/bluebird/js/release/async.js.Async._drainQueue (http://localhost:42445/__cypress/runner/cypress_runner.js:162140:16)\n    at Async../node_modules/bluebird/js/release/async.js.Async._drainQueues (http://localhost:42445/__cypress/runner/cypress_runner.js:162150:10)\n    at Async.drainQueues (http://localhost:42445/__cypress/runner/cypress_runner.js:162024:14)",
                "diff": null
              },
              "uuid": "16aec75b-0f64-4b9e-852a-72d5b4d0a1f0",
              "parentUUID": "f3c7b285-daf0-4653-9766-f9eb45e27caf",
              "isHook": false,
              "skipped": false
            },
            {
              "title": "Verifica se a cor de fundo de cada elemento da paleta é a cor que o elemento representa. **A única cor não permitida na paleta é a cor branca.**",
              "fullTitle": "2 - Adicione à página uma paleta de quatro cores distintas. Verifica se a cor de fundo de cada elemento da paleta é a cor que o elemento representa. **A única cor não permitida na paleta é a cor branca.**",
              "timedOut": null,
              "duration": 4400,
              "state": "failed",
              "speed": null,
              "pass": false,
              "fail": true,
              "pending": false,
              "context": null,
              "code": "cy.get('.color').each(function (color) {\n  cy.wrap(color).should('have.class', 'color').and('not.have.css', 'background-color', WHITE);\n  cy.wrap(color).should('have.css', 'background-color');\n});",
              "err": {
                "message": "CypressError: Timed out retrying: Expected to find element: '.color', but never found it.",
                "estack": "CypressError: Timed out retrying: Expected to find element: '.color', but never found it.\n    at cypressErr (http://localhost:42445/__cypress/runner/cypress_runner.js:149934:9)\n    at throwErr (http://localhost:42445/__cypress/runner/cypress_runner.js:149867:11)\n    at Object.throwErrByPath (http://localhost:42445/__cypress/runner/cypress_runner.js:149915:3)\n    at retry (http://localhost:42445/__cypress/runner/cypress_runner.js:144197:19)\n    at onFailFn (http://localhost:42445/__cypress/runner/cypress_runner.js:132448:16)\n    at tryCatcher (http://localhost:42445/__cypress/runner/cypress_runner.js:167415:23)\n    at Promise._settlePromiseFromHandler (http://localhost:42445/__cypress/runner/cypress_runner.js:165351:31)\n    at Promise._settlePromise (http://localhost:42445/__cypress/runner/cypress_runner.js:165408:18)\n    at Promise._settlePromise0 (http://localhost:42445/__cypress/runner/cypress_runner.js:165453:10)\n    at Promise._settlePromises (http://localhost:42445/__cypress/runner/cypress_runner.js:165528:18)\n    at Async../node_modules/bluebird/js/release/async.js.Async._drainQueue (http://localhost:42445/__cypress/runner/cypress_runner.js:162140:16)\n    at Async../node_modules/bluebird/js/release/async.js.Async._drainQueues (http://localhost:42445/__cypress/runner/cypress_runner.js:162150:10)\n    at Async.drainQueues (http://localhost:42445/__cypress/runner/cypress_runner.js:162024:14)",
                "diff": null
              },
              "uuid": "4b81605f-56bd-4795-86a7-8f5c90c78559",
              "parentUUID": "f3c7b285-daf0-4653-9766-f9eb45e27caf",
              "isHook": false,
              "skipped": false
            },
            {
              "title": "Verifica se cada elemento da paleta de cores tem uma borda preta, sólida e com 1 pixel de largura;",
              "fullTitle": "2 - Adicione à página uma paleta de quatro cores distintas. Verifica se cada elemento da paleta de cores tem uma borda preta, sólida e com 1 pixel de largura;",
              "timedOut": null,
              "duration": 4467,
              "state": "failed",
              "speed": null,
              "pass": false,
              "fail": true,
              "pending": false,
              "context": null,
              "code": "cy.get('.color').each(function (color) {\n  cy.wrap(color).and('have.css', 'border', \"1px solid \".concat(BLACK)).and('have.class', 'color');\n});",
              "err": {
                "message": "CypressError: Timed out retrying: Expected to find element: '.color', but never found it.",
                "estack": "CypressError: Timed out retrying: Expected to find element: '.color', but never found it.\n    at cypressErr (http://localhost:42445/__cypress/runner/cypress_runner.js:149934:9)\n    at throwErr (http://localhost:42445/__cypress/runner/cypress_runner.js:149867:11)\n    at Object.throwErrByPath (http://localhost:42445/__cypress/runner/cypress_runner.js:149915:3)\n    at retry (http://localhost:42445/__cypress/runner/cypress_runner.js:144197:19)\n    at onFailFn (http://localhost:42445/__cypress/runner/cypress_runner.js:132448:16)\n    at tryCatcher (http://localhost:42445/__cypress/runner/cypress_runner.js:167415:23)\n    at Promise._settlePromiseFromHandler (http://localhost:42445/__cypress/runner/cypress_runner.js:165351:31)\n    at Promise._settlePromise (http://localhost:42445/__cypress/runner/cypress_runner.js:165408:18)\n    at Promise._settlePromise0 (http://localhost:42445/__cypress/runner/cypress_runner.js:165453:10)\n    at Promise._settlePromises (http://localhost:42445/__cypress/runner/cypress_runner.js:165528:18)\n    at Async../node_modules/bluebird/js/release/async.js.Async._drainQueue (http://localhost:42445/__cypress/runner/cypress_runner.js:162140:16)\n    at Async../node_modules/bluebird/js/release/async.js.Async._drainQueues (http://localhost:42445/__cypress/runner/cypress_runner.js:162150:10)\n    at Async.drainQueues (http://localhost:42445/__cypress/runner/cypress_runner.js:162024:14)",
                "diff": null
              },
              "uuid": "023912db-b2e6-497b-9869-fce591cc6049",
              "parentUUID": "f3c7b285-daf0-4653-9766-f9eb45e27caf",
              "isHook": false,
              "skipped": false
            },
            {
              "title": "Verifica se a paleta lista todas as cores disponíveis para utilização, lado a lado.",
              "fullTitle": "2 - Adicione à página uma paleta de quatro cores distintas. Verifica se a paleta lista todas as cores disponíveis para utilização, lado a lado.",
              "timedOut": null,
              "duration": 4430,
              "state": "failed",
              "speed": null,
              "pass": false,
              "fail": true,
              "pending": false,
              "context": null,
              "code": "cy.get('.color').then(function (colors) {\n  for (var index = 1; index < colors.length; index += 1) {\n    var currentColor = colors[index];\n    var previousColor = colors[index - 1];\n    cy.wrap(currentColor).should('be.onTheRightOf', previousColor).and('be.horizontallyAlignedWith', previousColor);\n  }\n});",
              "err": {
                "message": "CypressError: Timed out retrying: Expected to find element: '.color', but never found it.",
                "estack": "CypressError: Timed out retrying: Expected to find element: '.color', but never found it.\n    at cypressErr (http://localhost:42445/__cypress/runner/cypress_runner.js:149934:9)\n    at throwErr (http://localhost:42445/__cypress/runner/cypress_runner.js:149867:11)\n    at Object.throwErrByPath (http://localhost:42445/__cypress/runner/cypress_runner.js:149915:3)\n    at retry (http://localhost:42445/__cypress/runner/cypress_runner.js:144197:19)\n    at onFailFn (http://localhost:42445/__cypress/runner/cypress_runner.js:132448:16)\n    at tryCatcher (http://localhost:42445/__cypress/runner/cypress_runner.js:167415:23)\n    at Promise._settlePromiseFromHandler (http://localhost:42445/__cypress/runner/cypress_runner.js:165351:31)\n    at Promise._settlePromise (http://localhost:42445/__cypress/runner/cypress_runner.js:165408:18)\n    at Promise._settlePromise0 (http://localhost:42445/__cypress/runner/cypress_runner.js:165453:10)\n    at Promise._settlePromises (http://localhost:42445/__cypress/runner/cypress_runner.js:165528:18)\n    at Async../node_modules/bluebird/js/release/async.js.Async._drainQueue (http://localhost:42445/__cypress/runner/cypress_runner.js:162140:16)\n    at Async../node_modules/bluebird/js/release/async.js.Async._drainQueues (http://localhost:42445/__cypress/runner/cypress_runner.js:162150:10)\n    at Async.drainQueues (http://localhost:42445/__cypress/runner/cypress_runner.js:162024:14)",
                "diff": null
              },
              "uuid": "dfc3c93c-6394-4d2d-bca8-8b5f8d645aad",
              "parentUUID": "f3c7b285-daf0-4653-9766-f9eb45e27caf",
              "isHook": false,
              "skipped": false
            },
            {
              "title": "Verifica se a paleta de cores está posicionada abaixo do título 'Paleta de Cores'",
              "fullTitle": "2 - Adicione à página uma paleta de quatro cores distintas. Verifica se a paleta de cores está posicionada abaixo do título 'Paleta de Cores'",
              "timedOut": null,
              "duration": 4400,
              "state": "failed",
              "speed": null,
              "pass": false,
              "fail": true,
              "pending": false,
              "context": null,
              "code": "cy.get('h1#title').then(function (title) {\n  cy.get('#color-palette').should('be.belowOf', title);\n});",
              "err": {
                "message": "CypressError: Timed out retrying: Expected to find element: '#color-palette', but never found it.",
                "estack": "CypressError: Timed out retrying: Expected to find element: '#color-palette', but never found it.\n    at cypressErr (http://localhost:42445/__cypress/runner/cypress_runner.js:149934:9)\n    at throwErr (http://localhost:42445/__cypress/runner/cypress_runner.js:149867:11)\n    at Object.throwErrByPath (http://localhost:42445/__cypress/runner/cypress_runner.js:149915:3)\n    at retry (http://localhost:42445/__cypress/runner/cypress_runner.js:144197:19)\n    at onFailFn (http://localhost:42445/__cypress/runner/cypress_runner.js:132448:16)\n    at tryCatcher (http://localhost:42445/__cypress/runner/cypress_runner.js:167415:23)\n    at Promise._settlePromiseFromHandler (http://localhost:42445/__cypress/runner/cypress_runner.js:165351:31)\n    at Promise._settlePromise (http://localhost:42445/__cypress/runner/cypress_runner.js:165408:18)\n    at Promise._settlePromise0 (http://localhost:42445/__cypress/runner/cypress_runner.js:165453:10)\n    at Promise._settlePromises (http://localhost:42445/__cypress/runner/cypress_runner.js:165528:18)\n    at Async../node_modules/bluebird/js/release/async.js.Async._drainQueue (http://localhost:42445/__cypress/runner/cypress_runner.js:162140:16)\n    at Async../node_modules/bluebird/js/release/async.js.Async._drainQueues (http://localhost:42445/__cypress/runner/cypress_runner.js:162150:10)\n    at Async.drainQueues (http://localhost:42445/__cypress/runner/cypress_runner.js:162024:14)",
                "diff": null
              },
              "uuid": "5cdfe6e6-093d-423d-a69f-82fe9f9702c1",
              "parentUUID": "f3c7b285-daf0-4653-9766-f9eb45e27caf",
              "isHook": false,
              "skipped": false
            },
            {
              "title": "Verifica se a paleta de cores não contém cores repetidas.",
              "fullTitle": "2 - Adicione à página uma paleta de quatro cores distintas. Verifica se a paleta de cores não contém cores repetidas.",
              "timedOut": null,
              "duration": 4391,
              "state": "failed",
              "speed": null,
              "pass": false,
              "fail": true,
              "pending": false,
              "context": null,
              "code": "cy.get('.color').then(function (colors) {\n  var allColors = Array.from(colors).map(function (color) {\n    return Cypress.$(color).css('background-color');\n  });\n  cy.log(allColors);\n  var uniqColors = (0, _toConsumableArray2[\"default\"])(new Set(allColors));\n  cy.log(uniqColors);\n  expect(allColors.length).to.eq(uniqColors.length);\n});",
              "err": {
                "message": "CypressError: Timed out retrying: Expected to find element: '.color', but never found it.",
                "estack": "CypressError: Timed out retrying: Expected to find element: '.color', but never found it.\n    at cypressErr (http://localhost:42445/__cypress/runner/cypress_runner.js:149934:9)\n    at throwErr (http://localhost:42445/__cypress/runner/cypress_runner.js:149867:11)\n    at Object.throwErrByPath (http://localhost:42445/__cypress/runner/cypress_runner.js:149915:3)\n    at retry (http://localhost:42445/__cypress/runner/cypress_runner.js:144197:19)\n    at onFailFn (http://localhost:42445/__cypress/runner/cypress_runner.js:132448:16)\n    at tryCatcher (http://localhost:42445/__cypress/runner/cypress_runner.js:167415:23)\n    at Promise._settlePromiseFromHandler (http://localhost:42445/__cypress/runner/cypress_runner.js:165351:31)\n    at Promise._settlePromise (http://localhost:42445/__cypress/runner/cypress_runner.js:165408:18)\n    at Promise._settlePromise0 (http://localhost:42445/__cypress/runner/cypress_runner.js:165453:10)\n    at Promise._settlePromises (http://localhost:42445/__cypress/runner/cypress_runner.js:165528:18)\n    at Async../node_modules/bluebird/js/release/async.js.Async._drainQueue (http://localhost:42445/__cypress/runner/cypress_runner.js:162140:16)\n    at Async../node_modules/bluebird/js/release/async.js.Async._drainQueues (http://localhost:42445/__cypress/runner/cypress_runner.js:162150:10)\n    at Async.drainQueues (http://localhost:42445/__cypress/runner/cypress_runner.js:162024:14)",
                "diff": null
              },
              "uuid": "a27c9260-1640-458d-b496-884a2b7849f3",
              "parentUUID": "f3c7b285-daf0-4653-9766-f9eb45e27caf",
              "isHook": false,
              "skipped": false
            }
          ],
          "suites": [],
          "passes": [],
          "failures": [
            "641207ed-268a-4bb4-8b0e-62fc82e6d210",
            "16aec75b-0f64-4b9e-852a-72d5b4d0a1f0",
            "4b81605f-56bd-4795-86a7-8f5c90c78559",
            "023912db-b2e6-497b-9869-fce591cc6049",
            "dfc3c93c-6394-4d2d-bca8-8b5f8d645aad",
            "5cdfe6e6-093d-423d-a69f-82fe9f9702c1",
            "a27c9260-1640-458d-b496-884a2b7849f3"
          ],
          "pending": [],
          "skipped": [],
          "duration": 31015,
          "root": false,
          "rootEmpty": false,
          "_timeout": 2000
        },
        {
          "uuid": "154a4db6-d442-4e84-90b0-b3e5608b0c3d",
          "title": "3 - Adicione a cor **preta** como a primeira cor da paleta de cores.",
          "fullFile": "",
          "file": "",
          "beforeHooks": [],
          "afterHooks": [],
          "tests": [
            {
              "title": "Verifica se a primeira cor da paleta é preta",
              "fullTitle": "3 - Adicione a cor **preta** como a primeira cor da paleta de cores. Verifica se a primeira cor da paleta é preta",
              "timedOut": null,
              "duration": 4612,
              "state": "failed",
              "speed": null,
              "pass": false,
              "fail": true,
              "pending": false,
              "context": null,
              "code": "cy.get('.color').first().should('have.css', 'background-color', BLACK);",
              "err": {
                "message": "CypressError: Timed out retrying: Expected to find element: '.color', but never found it.",
                "estack": "CypressError: Timed out retrying: Expected to find element: '.color', but never found it.\n    at cypressErr (http://localhost:42445/__cypress/runner/cypress_runner.js:149934:9)\n    at throwErr (http://localhost:42445/__cypress/runner/cypress_runner.js:149867:11)\n    at Object.throwErrByPath (http://localhost:42445/__cypress/runner/cypress_runner.js:149915:3)\n    at retry (http://localhost:42445/__cypress/runner/cypress_runner.js:144197:19)\n    at onFailFn (http://localhost:42445/__cypress/runner/cypress_runner.js:132448:16)\n    at tryCatcher (http://localhost:42445/__cypress/runner/cypress_runner.js:167415:23)\n    at Promise._settlePromiseFromHandler (http://localhost:42445/__cypress/runner/cypress_runner.js:165351:31)\n    at Promise._settlePromise (http://localhost:42445/__cypress/runner/cypress_runner.js:165408:18)\n    at Promise._settlePromise0 (http://localhost:42445/__cypress/runner/cypress_runner.js:165453:10)\n    at Promise._settlePromises (http://localhost:42445/__cypress/runner/cypress_runner.js:165528:18)\n    at Async../node_modules/bluebird/js/release/async.js.Async._drainQueue (http://localhost:42445/__cypress/runner/cypress_runner.js:162140:16)\n    at Async../node_modules/bluebird/js/release/async.js.Async._drainQueues (http://localhost:42445/__cypress/runner/cypress_runner.js:162150:10)\n    at Async.drainQueues (http://localhost:42445/__cypress/runner/cypress_runner.js:162024:14)",
                "diff": null
              },
              "uuid": "71f97df7-dd81-4009-a6f7-9351971528ae",
              "parentUUID": "154a4db6-d442-4e84-90b0-b3e5608b0c3d",
              "isHook": false,
              "skipped": false
            },
            {
              "title": "Verifica se as demais cores podem ser escolhidas livremente.",
              "fullTitle": "3 - Adicione a cor **preta** como a primeira cor da paleta de cores. Verifica se as demais cores podem ser escolhidas livremente.",
              "timedOut": null,
              "duration": 4518,
              "state": "failed",
              "speed": null,
              "pass": false,
              "fail": true,
              "pending": false,
              "context": null,
              "code": "cy.get('.color').eq(1).should('not.have.css', 'background-color', BLACK);\ncy.get('.color').eq(1).should('not.have.css', 'background-color', WHITE);\ncy.get('.color').eq(1).should('not.have.css', 'background-color', 'rgba(0, 0, 0, 0)');\ncy.get('.color').eq(1).should('have.css', 'background-color');\ncy.get('.color').eq(2).should('not.have.css', 'background-color', BLACK);\ncy.get('.color').eq(2).should('not.have.css', 'background-color', WHITE);\ncy.get('.color').eq(2).should('not.have.css', 'background-color', 'rgba(0, 0, 0, 0)');\ncy.get('.color').eq(2).should('have.css', 'background-color');\ncy.get('.color').eq(3).should('not.have.css', 'background-color', BLACK);\ncy.get('.color').eq(3).should('not.have.css', 'background-color', WHITE);\ncy.get('.color').eq(3).should('not.have.css', 'background-color', 'rgba(0, 0, 0, 0)');\ncy.get('.color').eq(3).should('have.css', 'background-color');",
              "err": {
                "message": "CypressError: Timed out retrying: Expected to find element: '.color', but never found it.",
                "estack": "CypressError: Timed out retrying: Expected to find element: '.color', but never found it.\n    at cypressErr (http://localhost:42445/__cypress/runner/cypress_runner.js:149934:9)\n    at throwErr (http://localhost:42445/__cypress/runner/cypress_runner.js:149867:11)\n    at Object.throwErrByPath (http://localhost:42445/__cypress/runner/cypress_runner.js:149915:3)\n    at retry (http://localhost:42445/__cypress/runner/cypress_runner.js:144197:19)\n    at onFailFn (http://localhost:42445/__cypress/runner/cypress_runner.js:132448:16)\n    at tryCatcher (http://localhost:42445/__cypress/runner/cypress_runner.js:167415:23)\n    at Promise._settlePromiseFromHandler (http://localhost:42445/__cypress/runner/cypress_runner.js:165351:31)\n    at Promise._settlePromise (http://localhost:42445/__cypress/runner/cypress_runner.js:165408:18)\n    at Promise._settlePromise0 (http://localhost:42445/__cypress/runner/cypress_runner.js:165453:10)\n    at Promise._settlePromises (http://localhost:42445/__cypress/runner/cypress_runner.js:165528:18)\n    at Async../node_modules/bluebird/js/release/async.js.Async._drainQueue (http://localhost:42445/__cypress/runner/cypress_runner.js:162140:16)\n    at Async../node_modules/bluebird/js/release/async.js.Async._drainQueues (http://localhost:42445/__cypress/runner/cypress_runner.js:162150:10)\n    at Async.drainQueues (http://localhost:42445/__cypress/runner/cypress_runner.js:162024:14)",
                "diff": null
              },
              "uuid": "585d5dbc-ae35-4d80-a7d0-c14340877593",
              "parentUUID": "154a4db6-d442-4e84-90b0-b3e5608b0c3d",
              "isHook": false,
              "skipped": false
            }
          ],
          "suites": [],
          "passes": [],
          "failures": [
            "71f97df7-dd81-4009-a6f7-9351971528ae",
            "585d5dbc-ae35-4d80-a7d0-c14340877593"
          ],
          "pending": [],
          "skipped": [],
          "duration": 9130,
          "root": false,
          "rootEmpty": false,
          "_timeout": 2000
        },
        {
          "uuid": "81bca480-c980-4b79-9450-995867a3fa08",
          "title": "4 - Adicione à página um quadro de pixels, com 25 pixels.",
          "fullFile": "",
          "file": "",
          "beforeHooks": [],
          "afterHooks": [],
          "tests": [
            {
              "title": "Verifica se o quadro de pixels possui o `id` denominado `pixel-board`",
              "fullTitle": "4 - Adicione à página um quadro de pixels, com 25 pixels. Verifica se o quadro de pixels possui o `id` denominado `pixel-board`",
              "timedOut": null,
              "duration": 4463,
              "state": "failed",
              "speed": null,
              "pass": false,
              "fail": true,
              "pending": false,
              "context": null,
              "code": "cy.get('#pixel-board').should('be.visible');",
              "err": {
                "message": "CypressError: Timed out retrying: Expected to find element: '#pixel-board', but never found it.",
                "estack": "CypressError: Timed out retrying: Expected to find element: '#pixel-board', but never found it.\n    at cypressErr (http://localhost:42445/__cypress/runner/cypress_runner.js:149934:9)\n    at throwErr (http://localhost:42445/__cypress/runner/cypress_runner.js:149867:11)\n    at Object.throwErrByPath (http://localhost:42445/__cypress/runner/cypress_runner.js:149915:3)\n    at retry (http://localhost:42445/__cypress/runner/cypress_runner.js:144197:19)\n    at onFailFn (http://localhost:42445/__cypress/runner/cypress_runner.js:132448:16)\n    at tryCatcher (http://localhost:42445/__cypress/runner/cypress_runner.js:167415:23)\n    at Promise._settlePromiseFromHandler (http://localhost:42445/__cypress/runner/cypress_runner.js:165351:31)\n    at Promise._settlePromise (http://localhost:42445/__cypress/runner/cypress_runner.js:165408:18)\n    at Promise._settlePromise0 (http://localhost:42445/__cypress/runner/cypress_runner.js:165453:10)\n    at Promise._settlePromises (http://localhost:42445/__cypress/runner/cypress_runner.js:165528:18)\n    at Async../node_modules/bluebird/js/release/async.js.Async._drainQueue (http://localhost:42445/__cypress/runner/cypress_runner.js:162140:16)\n    at Async../node_modules/bluebird/js/release/async.js.Async._drainQueues (http://localhost:42445/__cypress/runner/cypress_runner.js:162150:10)\n    at Async.drainQueues (http://localhost:42445/__cypress/runner/cypress_runner.js:162024:14)",
                "diff": null
              },
              "uuid": "ae97f5b2-491b-4834-9a4a-8c7b9afcb993",
              "parentUUID": "81bca480-c980-4b79-9450-995867a3fa08",
              "isHook": false,
              "skipped": false
            },
            {
              "title": "Verifica se cada pixel individual dentro do quadro possui a `classe` denominada `pixel`.",
              "fullTitle": "4 - Adicione à página um quadro de pixels, com 25 pixels. Verifica se cada pixel individual dentro do quadro possui a `classe` denominada `pixel`.",
              "timedOut": null,
              "duration": 4531,
              "state": "failed",
              "speed": null,
              "pass": false,
              "fail": true,
              "pending": false,
              "context": null,
              "code": "cy.get('.pixel').should('have.length', 25);",
              "err": {
                "message": "CypressError: Timed out retrying: Expected to find element: '.pixel', but never found it.",
                "estack": "CypressError: Timed out retrying: Expected to find element: '.pixel', but never found it.\n    at cypressErr (http://localhost:42445/__cypress/runner/cypress_runner.js:149934:9)\n    at throwErr (http://localhost:42445/__cypress/runner/cypress_runner.js:149867:11)\n    at Object.throwErrByPath (http://localhost:42445/__cypress/runner/cypress_runner.js:149915:3)\n    at retry (http://localhost:42445/__cypress/runner/cypress_runner.js:144197:19)\n    at onFailFn (http://localhost:42445/__cypress/runner/cypress_runner.js:132448:16)\n    at tryCatcher (http://localhost:42445/__cypress/runner/cypress_runner.js:167415:23)\n    at Promise._settlePromiseFromHandler (http://localhost:42445/__cypress/runner/cypress_runner.js:165351:31)\n    at Promise._settlePromise (http://localhost:42445/__cypress/runner/cypress_runner.js:165408:18)\n    at Promise._settlePromise0 (http://localhost:42445/__cypress/runner/cypress_runner.js:165453:10)\n    at Promise._settlePromises (http://localhost:42445/__cypress/runner/cypress_runner.js:165528:18)\n    at Async../node_modules/bluebird/js/release/async.js.Async._drainQueue (http://localhost:42445/__cypress/runner/cypress_runner.js:162140:16)\n    at Async../node_modules/bluebird/js/release/async.js.Async._drainQueues (http://localhost:42445/__cypress/runner/cypress_runner.js:162150:10)\n    at Async.drainQueues (http://localhost:42445/__cypress/runner/cypress_runner.js:162024:14)",
                "diff": null
              },
              "uuid": "b9a13acb-6637-4383-b7f8-775c8bd95286",
              "parentUUID": "81bca480-c980-4b79-9450-995867a3fa08",
              "isHook": false,
              "skipped": false
            },
            {
              "title": "Verifica se a cor inicial dos pixels dentro do quadro, ao abrir a página, é branca.",
              "fullTitle": "4 - Adicione à página um quadro de pixels, com 25 pixels. Verifica se a cor inicial dos pixels dentro do quadro, ao abrir a página, é branca.",
              "timedOut": null,
              "duration": 4485,
              "state": "failed",
              "speed": null,
              "pass": false,
              "fail": true,
              "pending": false,
              "context": null,
              "code": "cy.get('.pixel').should('have.length', 25).each(function (pixel) {\n  expect(pixel).to.have.css('background-color', WHITE);\n});",
              "err": {
                "message": "CypressError: Timed out retrying: Expected to find element: '.pixel', but never found it.",
                "estack": "CypressError: Timed out retrying: Expected to find element: '.pixel', but never found it.\n    at cypressErr (http://localhost:42445/__cypress/runner/cypress_runner.js:149934:9)\n    at throwErr (http://localhost:42445/__cypress/runner/cypress_runner.js:149867:11)\n    at Object.throwErrByPath (http://localhost:42445/__cypress/runner/cypress_runner.js:149915:3)\n    at retry (http://localhost:42445/__cypress/runner/cypress_runner.js:144197:19)\n    at onFailFn (http://localhost:42445/__cypress/runner/cypress_runner.js:132448:16)\n    at tryCatcher (http://localhost:42445/__cypress/runner/cypress_runner.js:167415:23)\n    at Promise._settlePromiseFromHandler (http://localhost:42445/__cypress/runner/cypress_runner.js:165351:31)\n    at Promise._settlePromise (http://localhost:42445/__cypress/runner/cypress_runner.js:165408:18)\n    at Promise._settlePromise0 (http://localhost:42445/__cypress/runner/cypress_runner.js:165453:10)\n    at Promise._settlePromises (http://localhost:42445/__cypress/runner/cypress_runner.js:165528:18)\n    at Async../node_modules/bluebird/js/release/async.js.Async._drainQueue (http://localhost:42445/__cypress/runner/cypress_runner.js:162140:16)\n    at Async../node_modules/bluebird/js/release/async.js.Async._drainQueues (http://localhost:42445/__cypress/runner/cypress_runner.js:162150:10)\n    at Async.drainQueues (http://localhost:42445/__cypress/runner/cypress_runner.js:162024:14)",
                "diff": null
              },
              "uuid": "f40af94a-2fde-4927-a5e2-c2820ed90236",
              "parentUUID": "81bca480-c980-4b79-9450-995867a3fa08",
              "isHook": false,
              "skipped": false
            },
            {
              "title": "Verifica se o quadro de pixels aparece abaixo da paleta de cores",
              "fullTitle": "4 - Adicione à página um quadro de pixels, com 25 pixels. Verifica se o quadro de pixels aparece abaixo da paleta de cores",
              "timedOut": null,
              "duration": 4565,
              "state": "failed",
              "speed": null,
              "pass": false,
              "fail": true,
              "pending": false,
              "context": null,
              "code": "cy.get('#color-palette').then(function (palette) {\n  cy.get('#pixel-board').should('be.belowOf', palette);\n});",
              "err": {
                "message": "CypressError: Timed out retrying: Expected to find element: '#color-palette', but never found it.",
                "estack": "CypressError: Timed out retrying: Expected to find element: '#color-palette', but never found it.\n    at cypressErr (http://localhost:42445/__cypress/runner/cypress_runner.js:149934:9)\n    at throwErr (http://localhost:42445/__cypress/runner/cypress_runner.js:149867:11)\n    at Object.throwErrByPath (http://localhost:42445/__cypress/runner/cypress_runner.js:149915:3)\n    at retry (http://localhost:42445/__cypress/runner/cypress_runner.js:144197:19)\n    at onFailFn (http://localhost:42445/__cypress/runner/cypress_runner.js:132448:16)\n    at tryCatcher (http://localhost:42445/__cypress/runner/cypress_runner.js:167415:23)\n    at Promise._settlePromiseFromHandler (http://localhost:42445/__cypress/runner/cypress_runner.js:165351:31)\n    at Promise._settlePromise (http://localhost:42445/__cypress/runner/cypress_runner.js:165408:18)\n    at Promise._settlePromise0 (http://localhost:42445/__cypress/runner/cypress_runner.js:165453:10)\n    at Promise._settlePromises (http://localhost:42445/__cypress/runner/cypress_runner.js:165528:18)\n    at Async../node_modules/bluebird/js/release/async.js.Async._drainQueue (http://localhost:42445/__cypress/runner/cypress_runner.js:162140:16)\n    at Async../node_modules/bluebird/js/release/async.js.Async._drainQueues (http://localhost:42445/__cypress/runner/cypress_runner.js:162150:10)\n    at Async.drainQueues (http://localhost:42445/__cypress/runner/cypress_runner.js:162024:14)",
                "diff": null
              },
              "uuid": "e3510ea0-031a-4021-916a-471746213f4d",
              "parentUUID": "81bca480-c980-4b79-9450-995867a3fa08",
              "isHook": false,
              "skipped": false
            }
          ],
          "suites": [],
          "passes": [],
          "failures": [
            "ae97f5b2-491b-4834-9a4a-8c7b9afcb993",
            "b9a13acb-6637-4383-b7f8-775c8bd95286",
            "f40af94a-2fde-4927-a5e2-c2820ed90236",
            "e3510ea0-031a-4021-916a-471746213f4d"
          ],
          "pending": [],
          "skipped": [],
          "duration": 18044,
          "root": false,
          "rootEmpty": false,
          "_timeout": 2000
        },
        {
          "uuid": "02721fdb-adee-414e-983a-2938a9d8b041",
          "title": "5 - Faça com que cada elemento do quadro de pixels possua 40 pixels de largura, 40 pixels de altura e seja delimitado por uma borda preta de 1 pixel.",
          "fullFile": "",
          "file": "",
          "beforeHooks": [],
          "afterHooks": [],
          "tests": [
            {
              "title": "Verifica se o quadro de pixels tem altura e comprimento de 5 elementos",
              "fullTitle": "5 - Faça com que cada elemento do quadro de pixels possua 40 pixels de largura, 40 pixels de altura e seja delimitado por uma borda preta de 1 pixel. Verifica se o quadro de pixels tem altura e comprimento de 5 elementos",
              "timedOut": null,
              "duration": 4843,
              "state": "failed",
              "speed": null,
              "pass": false,
              "fail": true,
              "pending": false,
              "context": null,
              "code": "cy.get('.pixel').should('have.length', 25).each(function (pixel) {\n  expect(pixel).to.have.css('background-color', WHITE);\n}).and(function (pixels) {\n  var rows = chunk(pixels, 5);\n  rows.forEach(function (row) {\n    for (var index = 1; index < row.length; index += 1) {\n      var current = pixels[index];\n      var previous = pixels[index - 1];\n      cy.wrap(current).should('be.onTheRightOf', previous).and('be.horizontallyAlignedWith', previous);\n    }\n  });\n  for (var index = 1; index < 5; index += 1) {\n    expect(pixels[index * 5]).to.be.belowOf(pixels[(index - 1) * 5]);\n  }\n});",
              "err": {
                "message": "CypressError: Timed out retrying: Expected to find element: '.pixel', but never found it.",
                "estack": "CypressError: Timed out retrying: Expected to find element: '.pixel', but never found it.\n    at cypressErr (http://localhost:42445/__cypress/runner/cypress_runner.js:149934:9)\n    at throwErr (http://localhost:42445/__cypress/runner/cypress_runner.js:149867:11)\n    at Object.throwErrByPath (http://localhost:42445/__cypress/runner/cypress_runner.js:149915:3)\n    at retry (http://localhost:42445/__cypress/runner/cypress_runner.js:144197:19)\n    at onFailFn (http://localhost:42445/__cypress/runner/cypress_runner.js:132448:16)\n    at tryCatcher (http://localhost:42445/__cypress/runner/cypress_runner.js:167415:23)\n    at Promise._settlePromiseFromHandler (http://localhost:42445/__cypress/runner/cypress_runner.js:165351:31)\n    at Promise._settlePromise (http://localhost:42445/__cypress/runner/cypress_runner.js:165408:18)\n    at Promise._settlePromise0 (http://localhost:42445/__cypress/runner/cypress_runner.js:165453:10)\n    at Promise._settlePromises (http://localhost:42445/__cypress/runner/cypress_runner.js:165528:18)\n    at Async../node_modules/bluebird/js/release/async.js.Async._drainQueue (http://localhost:42445/__cypress/runner/cypress_runner.js:162140:16)\n    at Async../node_modules/bluebird/js/release/async.js.Async._drainQueues (http://localhost:42445/__cypress/runner/cypress_runner.js:162150:10)\n    at Async.drainQueues (http://localhost:42445/__cypress/runner/cypress_runner.js:162024:14)",
                "diff": null
              },
              "uuid": "a5252ab7-e0dd-4d33-b7e0-9dd1b1db6b90",
              "parentUUID": "02721fdb-adee-414e-983a-2938a9d8b041",
              "isHook": false,
              "skipped": false
            },
            {
              "title": "Verifica se 40 pixels é o tamanho total do elemento, incluindo seu conteúdo e excluindo a borda preta, que deve ser criada à parte.",
              "fullTitle": "5 - Faça com que cada elemento do quadro de pixels possua 40 pixels de largura, 40 pixels de altura e seja delimitado por uma borda preta de 1 pixel. Verifica se 40 pixels é o tamanho total do elemento, incluindo seu conteúdo e excluindo a borda preta, que deve ser criada à parte.",
              "timedOut": null,
              "duration": 4996,
              "state": "failed",
              "speed": null,
              "pass": false,
              "fail": true,
              "pending": false,
              "context": null,
              "code": "cy.get('.pixel').each(function (pixel) {\n  cy.wrap(pixel).should('have.css', 'height', '40px').and('have.css', 'width', '40px').and('have.css', 'border', \"1px solid \".concat(BLACK));\n});",
              "err": {
                "message": "CypressError: Timed out retrying: Expected to find element: '.pixel', but never found it.",
                "estack": "CypressError: Timed out retrying: Expected to find element: '.pixel', but never found it.\n    at cypressErr (http://localhost:42445/__cypress/runner/cypress_runner.js:149934:9)\n    at throwErr (http://localhost:42445/__cypress/runner/cypress_runner.js:149867:11)\n    at Object.throwErrByPath (http://localhost:42445/__cypress/runner/cypress_runner.js:149915:3)\n    at retry (http://localhost:42445/__cypress/runner/cypress_runner.js:144197:19)\n    at onFailFn (http://localhost:42445/__cypress/runner/cypress_runner.js:132448:16)\n    at tryCatcher (http://localhost:42445/__cypress/runner/cypress_runner.js:167415:23)\n    at Promise._settlePromiseFromHandler (http://localhost:42445/__cypress/runner/cypress_runner.js:165351:31)\n    at Promise._settlePromise (http://localhost:42445/__cypress/runner/cypress_runner.js:165408:18)\n    at Promise._settlePromise0 (http://localhost:42445/__cypress/runner/cypress_runner.js:165453:10)\n    at Promise._settlePromises (http://localhost:42445/__cypress/runner/cypress_runner.js:165528:18)\n    at Async../node_modules/bluebird/js/release/async.js.Async._drainQueue (http://localhost:42445/__cypress/runner/cypress_runner.js:162140:16)\n    at Async../node_modules/bluebird/js/release/async.js.Async._drainQueues (http://localhost:42445/__cypress/runner/cypress_runner.js:162150:10)\n    at Async.drainQueues (http://localhost:42445/__cypress/runner/cypress_runner.js:162024:14)",
                "diff": null
              },
              "uuid": "1f1f735a-34a0-4597-9cac-dcc95eedbf95",
              "parentUUID": "02721fdb-adee-414e-983a-2938a9d8b041",
              "isHook": false,
              "skipped": false
            }
          ],
          "suites": [],
          "passes": [],
          "failures": [
            "a5252ab7-e0dd-4d33-b7e0-9dd1b1db6b90",
            "1f1f735a-34a0-4597-9cac-dcc95eedbf95"
          ],
          "pending": [],
          "skipped": [],
          "duration": 9839,
          "root": false,
          "rootEmpty": false,
          "_timeout": 2000
        },
        {
          "uuid": "b926b988-08ac-4b26-b2bd-6c52a10514a2",
          "title": "6 - Defina a cor preta como cor inicial. Ao carregar a página a cor preta já deve estar selecionada para pintar os pixels",
          "fullFile": "",
          "file": "",
          "beforeHooks": [],
          "afterHooks": [],
          "tests": [
            {
              "title": "Verifica se o elemento da cor preta possui, inicialmente, a `classe` `selected`",
              "fullTitle": "6 - Defina a cor preta como cor inicial. Ao carregar a página a cor preta já deve estar selecionada para pintar os pixels Verifica se o elemento da cor preta possui, inicialmente, a `classe` `selected`",
              "timedOut": null,
              "duration": 4722,
              "state": "failed",
              "speed": null,
              "pass": false,
              "fail": true,
              "pending": false,
              "context": null,
              "code": "cy.get('.selected').first().should('have.css', 'background-color', BLACK);",
              "err": {
                "message": "CypressError: Timed out retrying: Expected to find element: '.selected', but never found it.",
                "estack": "CypressError: Timed out retrying: Expected to find element: '.selected', but never found it.\n    at cypressErr (http://localhost:42445/__cypress/runner/cypress_runner.js:149934:9)\n    at throwErr (http://localhost:42445/__cypress/runner/cypress_runner.js:149867:11)\n    at Object.throwErrByPath (http://localhost:42445/__cypress/runner/cypress_runner.js:149915:3)\n    at retry (http://localhost:42445/__cypress/runner/cypress_runner.js:144197:19)\n    at onFailFn (http://localhost:42445/__cypress/runner/cypress_runner.js:132448:16)\n    at tryCatcher (http://localhost:42445/__cypress/runner/cypress_runner.js:167415:23)\n    at Promise._settlePromiseFromHandler (http://localhost:42445/__cypress/runner/cypress_runner.js:165351:31)\n    at Promise._settlePromise (http://localhost:42445/__cypress/runner/cypress_runner.js:165408:18)\n    at Promise._settlePromise0 (http://localhost:42445/__cypress/runner/cypress_runner.js:165453:10)\n    at Promise._settlePromises (http://localhost:42445/__cypress/runner/cypress_runner.js:165528:18)\n    at Async../node_modules/bluebird/js/release/async.js.Async._drainQueue (http://localhost:42445/__cypress/runner/cypress_runner.js:162140:16)\n    at Async../node_modules/bluebird/js/release/async.js.Async._drainQueues (http://localhost:42445/__cypress/runner/cypress_runner.js:162150:10)\n    at Async.drainQueues (http://localhost:42445/__cypress/runner/cypress_runner.js:162024:14)",
                "diff": null
              },
              "uuid": "7f27f7ff-9302-43ae-adad-3dbcef4dee83",
              "parentUUID": "b926b988-08ac-4b26-b2bd-6c52a10514a2",
              "isHook": false,
              "skipped": false
            },
            {
              "title": "Verifica se nenhuma outra cor da paleta tem a `classe` `selected`",
              "fullTitle": "6 - Defina a cor preta como cor inicial. Ao carregar a página a cor preta já deve estar selecionada para pintar os pixels Verifica se nenhuma outra cor da paleta tem a `classe` `selected`",
              "timedOut": null,
              "duration": 4499,
              "state": "failed",
              "speed": null,
              "pass": false,
              "fail": true,
              "pending": false,
              "context": null,
              "code": "cy.get('.color:not(:first-child)').each(function (color) {\n  cy.wrap(color).should('not.have.class', 'selected');\n});",
              "err": {
                "message": "CypressError: Timed out retrying: Expected to find element: '.color:not(:first-child)', but never found it.",
                "estack": "CypressError: Timed out retrying: Expected to find element: '.color:not(:first-child)', but never found it.\n    at cypressErr (http://localhost:42445/__cypress/runner/cypress_runner.js:149934:9)\n    at throwErr (http://localhost:42445/__cypress/runner/cypress_runner.js:149867:11)\n    at Object.throwErrByPath (http://localhost:42445/__cypress/runner/cypress_runner.js:149915:3)\n    at retry (http://localhost:42445/__cypress/runner/cypress_runner.js:144197:19)\n    at onFailFn (http://localhost:42445/__cypress/runner/cypress_runner.js:132448:16)\n    at tryCatcher (http://localhost:42445/__cypress/runner/cypress_runner.js:167415:23)\n    at Promise._settlePromiseFromHandler (http://localhost:42445/__cypress/runner/cypress_runner.js:165351:31)\n    at Promise._settlePromise (http://localhost:42445/__cypress/runner/cypress_runner.js:165408:18)\n    at Promise._settlePromise0 (http://localhost:42445/__cypress/runner/cypress_runner.js:165453:10)\n    at Promise._settlePromises (http://localhost:42445/__cypress/runner/cypress_runner.js:165528:18)\n    at Async../node_modules/bluebird/js/release/async.js.Async._drainQueue (http://localhost:42445/__cypress/runner/cypress_runner.js:162140:16)\n    at Async../node_modules/bluebird/js/release/async.js.Async._drainQueues (http://localhost:42445/__cypress/runner/cypress_runner.js:162150:10)\n    at Async.drainQueues (http://localhost:42445/__cypress/runner/cypress_runner.js:162024:14)",
                "diff": null
              },
              "uuid": "5167dd6b-4f38-4b98-8e84-f2276b0947a9",
              "parentUUID": "b926b988-08ac-4b26-b2bd-6c52a10514a2",
              "isHook": false,
              "skipped": false
            }
          ],
          "suites": [],
          "passes": [],
          "failures": [
            "7f27f7ff-9302-43ae-adad-3dbcef4dee83",
            "5167dd6b-4f38-4b98-8e84-f2276b0947a9"
          ],
          "pending": [],
          "skipped": [],
          "duration": 9221,
          "root": false,
          "rootEmpty": false,
          "_timeout": 2000
        },
        {
          "uuid": "198b08ee-07bc-4e2d-a40c-ff6ea96e9bf4",
          "title": "7 - Clicar em uma das cores da paleta, faz com que ela seja selecionada e utilizada para preencher os pixels no quadro.",
          "fullFile": "",
          "file": "",
          "beforeHooks": [],
          "afterHooks": [],
          "tests": [
            {
              "title": "Verifica se somente uma cor da paleta de cores tem a classe `selected` de cada vez",
              "fullTitle": "7 - Clicar em uma das cores da paleta, faz com que ela seja selecionada e utilizada para preencher os pixels no quadro. Verifica se somente uma cor da paleta de cores tem a classe `selected` de cada vez",
              "timedOut": null,
              "duration": 4779,
              "state": "failed",
              "speed": null,
              "pass": false,
              "fail": true,
              "pending": false,
              "context": null,
              "code": "cy.get('.color').each(function (selectedColor, selectedColorIndex) {\n  cy.wrap(selectedColor).click();\n  cy.get('.color').each(function (color, colorIndex) {\n    if (colorIndex === selectedColorIndex) {\n      expect(color).to.have[\"class\"]('selected');\n    } else {\n      expect(color).not.to.have[\"class\"]('selected');\n    }\n  });\n});",
              "err": {
                "message": "CypressError: Timed out retrying: Expected to find element: '.color', but never found it.",
                "estack": "CypressError: Timed out retrying: Expected to find element: '.color', but never found it.\n    at cypressErr (http://localhost:42445/__cypress/runner/cypress_runner.js:149934:9)\n    at throwErr (http://localhost:42445/__cypress/runner/cypress_runner.js:149867:11)\n    at Object.throwErrByPath (http://localhost:42445/__cypress/runner/cypress_runner.js:149915:3)\n    at retry (http://localhost:42445/__cypress/runner/cypress_runner.js:144197:19)\n    at onFailFn (http://localhost:42445/__cypress/runner/cypress_runner.js:132448:16)\n    at tryCatcher (http://localhost:42445/__cypress/runner/cypress_runner.js:167415:23)\n    at Promise._settlePromiseFromHandler (http://localhost:42445/__cypress/runner/cypress_runner.js:165351:31)\n    at Promise._settlePromise (http://localhost:42445/__cypress/runner/cypress_runner.js:165408:18)\n    at Promise._settlePromise0 (http://localhost:42445/__cypress/runner/cypress_runner.js:165453:10)\n    at Promise._settlePromises (http://localhost:42445/__cypress/runner/cypress_runner.js:165528:18)\n    at Async../node_modules/bluebird/js/release/async.js.Async._drainQueue (http://localhost:42445/__cypress/runner/cypress_runner.js:162140:16)\n    at Async../node_modules/bluebird/js/release/async.js.Async._drainQueues (http://localhost:42445/__cypress/runner/cypress_runner.js:162150:10)\n    at Async.drainQueues (http://localhost:42445/__cypress/runner/cypress_runner.js:162024:14)",
                "diff": null
              },
              "uuid": "a71cc68a-75a5-42a1-b2b3-f5dde43a66ea",
              "parentUUID": "198b08ee-07bc-4e2d-a40c-ff6ea96e9bf4",
              "isHook": false,
              "skipped": false
            },
            {
              "title": "Verifica se os pixels dentro do quadro não têm a classe `selected` quando são clicados",
              "fullTitle": "7 - Clicar em uma das cores da paleta, faz com que ela seja selecionada e utilizada para preencher os pixels no quadro. Verifica se os pixels dentro do quadro não têm a classe `selected` quando são clicados",
              "timedOut": null,
              "duration": 4509,
              "state": "failed",
              "speed": null,
              "pass": false,
              "fail": true,
              "pending": false,
              "context": null,
              "code": "cy.get('.color').each(function (color) {\n  var backgroundColor = color.css('background-color');\n  cy.wrap(color).click();\n  cy.get('.pixel').each(function (pixel) {\n    cy.wrap(pixel).click().should('not.have.class', 'selected');\n  });\n});",
              "err": {
                "message": "CypressError: Timed out retrying: Expected to find element: '.color', but never found it.",
                "estack": "CypressError: Timed out retrying: Expected to find element: '.color', but never found it.\n    at cypressErr (http://localhost:42445/__cypress/runner/cypress_runner.js:149934:9)\n    at throwErr (http://localhost:42445/__cypress/runner/cypress_runner.js:149867:11)\n    at Object.throwErrByPath (http://localhost:42445/__cypress/runner/cypress_runner.js:149915:3)\n    at retry (http://localhost:42445/__cypress/runner/cypress_runner.js:144197:19)\n    at onFailFn (http://localhost:42445/__cypress/runner/cypress_runner.js:132448:16)\n    at tryCatcher (http://localhost:42445/__cypress/runner/cypress_runner.js:167415:23)\n    at Promise._settlePromiseFromHandler (http://localhost:42445/__cypress/runner/cypress_runner.js:165351:31)\n    at Promise._settlePromise (http://localhost:42445/__cypress/runner/cypress_runner.js:165408:18)\n    at Promise._settlePromise0 (http://localhost:42445/__cypress/runner/cypress_runner.js:165453:10)\n    at Promise._settlePromises (http://localhost:42445/__cypress/runner/cypress_runner.js:165528:18)\n    at Async../node_modules/bluebird/js/release/async.js.Async._drainQueue (http://localhost:42445/__cypress/runner/cypress_runner.js:162140:16)\n    at Async../node_modules/bluebird/js/release/async.js.Async._drainQueues (http://localhost:42445/__cypress/runner/cypress_runner.js:162150:10)\n    at Async.drainQueues (http://localhost:42445/__cypress/runner/cypress_runner.js:162024:14)",
                "diff": null
              },
              "uuid": "0f694619-9f6a-45be-ba55-94eb617f731c",
              "parentUUID": "198b08ee-07bc-4e2d-a40c-ff6ea96e9bf4",
              "isHook": false,
              "skipped": false
            }
          ],
          "suites": [],
          "passes": [],
          "failures": [
            "a71cc68a-75a5-42a1-b2b3-f5dde43a66ea",
            "0f694619-9f6a-45be-ba55-94eb617f731c"
          ],
          "pending": [],
          "skipped": [],
          "duration": 9288,
          "root": false,
          "rootEmpty": false,
          "_timeout": 2000
        },
        {
          "uuid": "c1d91034-a695-4333-a66b-676f130ff027",
          "title": "8 - Clicar em um pixel dentro do quadro após selecionar uma cor na paleta, faz com que o pixel seja preenchido com a cor selecionada.",
          "fullFile": "",
          "file": "",
          "beforeHooks": [],
          "afterHooks": [],
          "tests": [
            {
              "title": "Verifica se ao carregar a página deve ser possível pintar os pixels de preto",
              "fullTitle": "8 - Clicar em um pixel dentro do quadro após selecionar uma cor na paleta, faz com que o pixel seja preenchido com a cor selecionada. Verifica se ao carregar a página deve ser possível pintar os pixels de preto",
              "timedOut": null,
              "duration": 4681,
              "state": "failed",
              "speed": null,
              "pass": false,
              "fail": true,
              "pending": false,
              "context": null,
              "code": "cy.get('.pixel').each(function (pixel) {\n  cy.wrap(pixel).click().should('have.css', 'background-color', BLACK);\n});",
              "err": {
                "message": "CypressError: Timed out retrying: Expected to find element: '.pixel', but never found it.",
                "estack": "CypressError: Timed out retrying: Expected to find element: '.pixel', but never found it.\n    at cypressErr (http://localhost:42445/__cypress/runner/cypress_runner.js:149934:9)\n    at throwErr (http://localhost:42445/__cypress/runner/cypress_runner.js:149867:11)\n    at Object.throwErrByPath (http://localhost:42445/__cypress/runner/cypress_runner.js:149915:3)\n    at retry (http://localhost:42445/__cypress/runner/cypress_runner.js:144197:19)\n    at onFailFn (http://localhost:42445/__cypress/runner/cypress_runner.js:132448:16)\n    at tryCatcher (http://localhost:42445/__cypress/runner/cypress_runner.js:167415:23)\n    at Promise._settlePromiseFromHandler (http://localhost:42445/__cypress/runner/cypress_runner.js:165351:31)\n    at Promise._settlePromise (http://localhost:42445/__cypress/runner/cypress_runner.js:165408:18)\n    at Promise._settlePromise0 (http://localhost:42445/__cypress/runner/cypress_runner.js:165453:10)\n    at Promise._settlePromises (http://localhost:42445/__cypress/runner/cypress_runner.js:165528:18)\n    at Async../node_modules/bluebird/js/release/async.js.Async._drainQueue (http://localhost:42445/__cypress/runner/cypress_runner.js:162140:16)\n    at Async../node_modules/bluebird/js/release/async.js.Async._drainQueues (http://localhost:42445/__cypress/runner/cypress_runner.js:162150:10)\n    at Async.drainQueues (http://localhost:42445/__cypress/runner/cypress_runner.js:162024:14)",
                "diff": null
              },
              "uuid": "a99eba2d-3903-4098-956b-22428b92efd7",
              "parentUUID": "c1d91034-a695-4333-a66b-676f130ff027",
              "isHook": false,
              "skipped": false
            },
            {
              "title": "Verifica se após selecionar uma outra cor na paleta, é possível pintar os pixels com essa cor",
              "fullTitle": "8 - Clicar em um pixel dentro do quadro após selecionar uma cor na paleta, faz com que o pixel seja preenchido com a cor selecionada. Verifica se após selecionar uma outra cor na paleta, é possível pintar os pixels com essa cor",
              "timedOut": null,
              "duration": 4468,
              "state": "failed",
              "speed": null,
              "pass": false,
              "fail": true,
              "pending": false,
              "context": null,
              "code": "cy.get('.color').each(function (color) {\n  var backgroundColor = color.css('background-color');\n  cy.wrap(color).click();\n  cy.get('.pixel').each(function (pixel) {\n    cy.wrap(pixel).click().should('have.css', 'background-color', backgroundColor);\n  });\n});",
              "err": {
                "message": "CypressError: Timed out retrying: Expected to find element: '.color', but never found it.",
                "estack": "CypressError: Timed out retrying: Expected to find element: '.color', but never found it.\n    at cypressErr (http://localhost:42445/__cypress/runner/cypress_runner.js:149934:9)\n    at throwErr (http://localhost:42445/__cypress/runner/cypress_runner.js:149867:11)\n    at Object.throwErrByPath (http://localhost:42445/__cypress/runner/cypress_runner.js:149915:3)\n    at retry (http://localhost:42445/__cypress/runner/cypress_runner.js:144197:19)\n    at onFailFn (http://localhost:42445/__cypress/runner/cypress_runner.js:132448:16)\n    at tryCatcher (http://localhost:42445/__cypress/runner/cypress_runner.js:167415:23)\n    at Promise._settlePromiseFromHandler (http://localhost:42445/__cypress/runner/cypress_runner.js:165351:31)\n    at Promise._settlePromise (http://localhost:42445/__cypress/runner/cypress_runner.js:165408:18)\n    at Promise._settlePromise0 (http://localhost:42445/__cypress/runner/cypress_runner.js:165453:10)\n    at Promise._settlePromises (http://localhost:42445/__cypress/runner/cypress_runner.js:165528:18)\n    at Async../node_modules/bluebird/js/release/async.js.Async._drainQueue (http://localhost:42445/__cypress/runner/cypress_runner.js:162140:16)\n    at Async../node_modules/bluebird/js/release/async.js.Async._drainQueues (http://localhost:42445/__cypress/runner/cypress_runner.js:162150:10)\n    at Async.drainQueues (http://localhost:42445/__cypress/runner/cypress_runner.js:162024:14)",
                "diff": null
              },
              "uuid": "dc23e7fb-f62d-4297-9c16-a863d1bc294b",
              "parentUUID": "c1d91034-a695-4333-a66b-676f130ff027",
              "isHook": false,
              "skipped": false
            },
            {
              "title": "Verifica se somente o pixel que foi clicado foi preenchido com a cor selecionada, sem influenciar na cor dos demais pixels.",
              "fullTitle": "8 - Clicar em um pixel dentro do quadro após selecionar uma cor na paleta, faz com que o pixel seja preenchido com a cor selecionada. Verifica se somente o pixel que foi clicado foi preenchido com a cor selecionada, sem influenciar na cor dos demais pixels.",
              "timedOut": null,
              "duration": 4506,
              "state": "failed",
              "speed": null,
              "pass": false,
              "fail": true,
              "pending": false,
              "context": null,
              "code": "var colorToPixelIndexMap = {\n  0: 6,\n  1: 8,\n  2: 16,\n  3: 18\n};\ncy.get('.color').each(function (color, index) {\n  cy.wrap(color).click();\n  var backgroundColor = color.css('background-color');\n  var clickedPixelIndex = colorToPixelIndexMap[index];\n  cy.get('.pixel').eq(clickedPixelIndex).click();\n  cy.get('.pixel').eq(clickedPixelIndex - 1).should('not.have.css', 'background-color', backgroundColor);\n  cy.get('.pixel').eq(clickedPixelIndex + 1).should('not.have.css', 'background-color', backgroundColor);\n  cy.get('.pixel').eq(clickedPixelIndex - 5).should('not.have.css', 'background-color', backgroundColor);\n  cy.get('.pixel').eq(clickedPixelIndex + 5).should('not.have.css', 'background-color', backgroundColor);\n  cy.get('.pixel').eq(clickedPixelIndex - 6).should('not.have.css', 'background-color', backgroundColor);\n  cy.get('.pixel').eq(clickedPixelIndex - 4).should('not.have.css', 'background-color', backgroundColor);\n  cy.get('.pixel').eq(clickedPixelIndex + 4).should('not.have.css', 'background-color', backgroundColor);\n  cy.get('.pixel').eq(clickedPixelIndex + 6).should('not.have.css', 'background-color', backgroundColor);\n});",
              "err": {
                "message": "CypressError: Timed out retrying: Expected to find element: '.color', but never found it.",
                "estack": "CypressError: Timed out retrying: Expected to find element: '.color', but never found it.\n    at cypressErr (http://localhost:42445/__cypress/runner/cypress_runner.js:149934:9)\n    at throwErr (http://localhost:42445/__cypress/runner/cypress_runner.js:149867:11)\n    at Object.throwErrByPath (http://localhost:42445/__cypress/runner/cypress_runner.js:149915:3)\n    at retry (http://localhost:42445/__cypress/runner/cypress_runner.js:144197:19)\n    at onFailFn (http://localhost:42445/__cypress/runner/cypress_runner.js:132448:16)\n    at tryCatcher (http://localhost:42445/__cypress/runner/cypress_runner.js:167415:23)\n    at Promise._settlePromiseFromHandler (http://localhost:42445/__cypress/runner/cypress_runner.js:165351:31)\n    at Promise._settlePromise (http://localhost:42445/__cypress/runner/cypress_runner.js:165408:18)\n    at Promise._settlePromise0 (http://localhost:42445/__cypress/runner/cypress_runner.js:165453:10)\n    at Promise._settlePromises (http://localhost:42445/__cypress/runner/cypress_runner.js:165528:18)\n    at Async../node_modules/bluebird/js/release/async.js.Async._drainQueue (http://localhost:42445/__cypress/runner/cypress_runner.js:162140:16)\n    at Async../node_modules/bluebird/js/release/async.js.Async._drainQueues (http://localhost:42445/__cypress/runner/cypress_runner.js:162150:10)\n    at Async.drainQueues (http://localhost:42445/__cypress/runner/cypress_runner.js:162024:14)",
                "diff": null
              },
              "uuid": "3e129c2b-a551-48cc-a8bf-a9c4cd141f51",
              "parentUUID": "c1d91034-a695-4333-a66b-676f130ff027",
              "isHook": false,
              "skipped": false
            }
          ],
          "suites": [],
          "passes": [],
          "failures": [
            "a99eba2d-3903-4098-956b-22428b92efd7",
            "dc23e7fb-f62d-4297-9c16-a863d1bc294b",
            "3e129c2b-a551-48cc-a8bf-a9c4cd141f51"
          ],
          "pending": [],
          "skipped": [],
          "duration": 13655,
          "root": false,
          "rootEmpty": false,
          "_timeout": 2000
        },
        {
          "uuid": "2dbd7804-62f3-4f02-b579-06a42fddef90",
          "title": "9 - Crie um botão que, ao ser clicado, limpa o quadro preenchendo a cor de todos seus pixels com branco.",
          "fullFile": "",
          "file": "",
          "beforeHooks": [],
          "afterHooks": [],
          "tests": [
            {
              "title": "Verifica se o botão tem o `id` denominado `clear-board`",
              "fullTitle": "9 - Crie um botão que, ao ser clicado, limpa o quadro preenchendo a cor de todos seus pixels com branco. Verifica se o botão tem o `id` denominado `clear-board`",
              "timedOut": null,
              "duration": 4890,
              "state": "failed",
              "speed": null,
              "pass": false,
              "fail": true,
              "pending": false,
              "context": null,
              "code": "cy.get('#clear-board').should('be.visible');",
              "err": {
                "message": "CypressError: Timed out retrying: Expected to find element: '#clear-board', but never found it.",
                "estack": "CypressError: Timed out retrying: Expected to find element: '#clear-board', but never found it.\n    at cypressErr (http://localhost:42445/__cypress/runner/cypress_runner.js:149934:9)\n    at throwErr (http://localhost:42445/__cypress/runner/cypress_runner.js:149867:11)\n    at Object.throwErrByPath (http://localhost:42445/__cypress/runner/cypress_runner.js:149915:3)\n    at retry (http://localhost:42445/__cypress/runner/cypress_runner.js:144197:19)\n    at onFailFn (http://localhost:42445/__cypress/runner/cypress_runner.js:132448:16)\n    at tryCatcher (http://localhost:42445/__cypress/runner/cypress_runner.js:167415:23)\n    at Promise._settlePromiseFromHandler (http://localhost:42445/__cypress/runner/cypress_runner.js:165351:31)\n    at Promise._settlePromise (http://localhost:42445/__cypress/runner/cypress_runner.js:165408:18)\n    at Promise._settlePromise0 (http://localhost:42445/__cypress/runner/cypress_runner.js:165453:10)\n    at Promise._settlePromises (http://localhost:42445/__cypress/runner/cypress_runner.js:165528:18)\n    at Async../node_modules/bluebird/js/release/async.js.Async._drainQueue (http://localhost:42445/__cypress/runner/cypress_runner.js:162140:16)\n    at Async../node_modules/bluebird/js/release/async.js.Async._drainQueues (http://localhost:42445/__cypress/runner/cypress_runner.js:162150:10)\n    at Async.drainQueues (http://localhost:42445/__cypress/runner/cypress_runner.js:162024:14)",
                "diff": null
              },
              "uuid": "32cccd31-1773-4ea2-93fa-152ca5c7d8b1",
              "parentUUID": "2dbd7804-62f3-4f02-b579-06a42fddef90",
              "isHook": false,
              "skipped": false
            },
            {
              "title": "Verifica se o botão está posicionado entre a paleta de cores e o quadro de pixels",
              "fullTitle": "9 - Crie um botão que, ao ser clicado, limpa o quadro preenchendo a cor de todos seus pixels com branco. Verifica se o botão está posicionado entre a paleta de cores e o quadro de pixels",
              "timedOut": null,
              "duration": 4808,
              "state": "failed",
              "speed": null,
              "pass": false,
              "fail": true,
              "pending": false,
              "context": null,
              "code": "cy.get('#color-palette').then(function (palette) {\n  cy.get('#clear-board').should('be.belowOf', palette);\n});\ncy.get('#clear-board').then(function (clearBtn) {\n  cy.get('#pixel-board').should('be.belowOf', clearBtn);\n});",
              "err": {
                "message": "CypressError: Timed out retrying: Expected to find element: '#color-palette', but never found it.",
                "estack": "CypressError: Timed out retrying: Expected to find element: '#color-palette', but never found it.\n    at cypressErr (http://localhost:42445/__cypress/runner/cypress_runner.js:149934:9)\n    at throwErr (http://localhost:42445/__cypress/runner/cypress_runner.js:149867:11)\n    at Object.throwErrByPath (http://localhost:42445/__cypress/runner/cypress_runner.js:149915:3)\n    at retry (http://localhost:42445/__cypress/runner/cypress_runner.js:144197:19)\n    at onFailFn (http://localhost:42445/__cypress/runner/cypress_runner.js:132448:16)\n    at tryCatcher (http://localhost:42445/__cypress/runner/cypress_runner.js:167415:23)\n    at Promise._settlePromiseFromHandler (http://localhost:42445/__cypress/runner/cypress_runner.js:165351:31)\n    at Promise._settlePromise (http://localhost:42445/__cypress/runner/cypress_runner.js:165408:18)\n    at Promise._settlePromise0 (http://localhost:42445/__cypress/runner/cypress_runner.js:165453:10)\n    at Promise._settlePromises (http://localhost:42445/__cypress/runner/cypress_runner.js:165528:18)\n    at Async../node_modules/bluebird/js/release/async.js.Async._drainQueue (http://localhost:42445/__cypress/runner/cypress_runner.js:162140:16)\n    at Async../node_modules/bluebird/js/release/async.js.Async._drainQueues (http://localhost:42445/__cypress/runner/cypress_runner.js:162150:10)\n    at Async.drainQueues (http://localhost:42445/__cypress/runner/cypress_runner.js:162024:14)",
                "diff": null
              },
              "uuid": "78ecd978-8f39-4fbc-9e04-58c406581b3c",
              "parentUUID": "2dbd7804-62f3-4f02-b579-06a42fddef90",
              "isHook": false,
              "skipped": false
            },
            {
              "title": "Verifica se o texto do botão é 'Limpar'",
              "fullTitle": "9 - Crie um botão que, ao ser clicado, limpa o quadro preenchendo a cor de todos seus pixels com branco. Verifica se o texto do botão é 'Limpar'",
              "timedOut": null,
              "duration": 4713,
              "state": "failed",
              "speed": null,
              "pass": false,
              "fail": true,
              "pending": false,
              "context": null,
              "code": "cy.get('#clear-board').should('contain.text', 'Limpar');",
              "err": {
                "message": "CypressError: Timed out retrying: Expected to find element: '#clear-board', but never found it.",
                "estack": "CypressError: Timed out retrying: Expected to find element: '#clear-board', but never found it.\n    at cypressErr (http://localhost:42445/__cypress/runner/cypress_runner.js:149934:9)\n    at throwErr (http://localhost:42445/__cypress/runner/cypress_runner.js:149867:11)\n    at Object.throwErrByPath (http://localhost:42445/__cypress/runner/cypress_runner.js:149915:3)\n    at retry (http://localhost:42445/__cypress/runner/cypress_runner.js:144197:19)\n    at onFailFn (http://localhost:42445/__cypress/runner/cypress_runner.js:132448:16)\n    at tryCatcher (http://localhost:42445/__cypress/runner/cypress_runner.js:167415:23)\n    at Promise._settlePromiseFromHandler (http://localhost:42445/__cypress/runner/cypress_runner.js:165351:31)\n    at Promise._settlePromise (http://localhost:42445/__cypress/runner/cypress_runner.js:165408:18)\n    at Promise._settlePromise0 (http://localhost:42445/__cypress/runner/cypress_runner.js:165453:10)\n    at Promise._settlePromises (http://localhost:42445/__cypress/runner/cypress_runner.js:165528:18)\n    at Async../node_modules/bluebird/js/release/async.js.Async._drainQueue (http://localhost:42445/__cypress/runner/cypress_runner.js:162140:16)\n    at Async../node_modules/bluebird/js/release/async.js.Async._drainQueues (http://localhost:42445/__cypress/runner/cypress_runner.js:162150:10)\n    at Async.drainQueues (http://localhost:42445/__cypress/runner/cypress_runner.js:162024:14)",
                "diff": null
              },
              "uuid": "1e81863c-11ec-4558-9b49-784ae9e76885",
              "parentUUID": "2dbd7804-62f3-4f02-b579-06a42fddef90",
              "isHook": false,
              "skipped": false
            },
            {
              "title": "Verifica se ao clicar no botão, o quadro de pixels é totalmente preenchido de branco",
              "fullTitle": "9 - Crie um botão que, ao ser clicado, limpa o quadro preenchendo a cor de todos seus pixels com branco. Verifica se ao clicar no botão, o quadro de pixels é totalmente preenchido de branco",
              "timedOut": null,
              "duration": 4864,
              "state": "failed",
              "speed": null,
              "pass": false,
              "fail": true,
              "pending": false,
              "context": null,
              "code": "cy.get('.color').eq(1).then(function (color) {\n  var backgroundColor = color.css('background-color');\n  cy.wrap(color).click();\n  cy.get('.pixel').each(function (pixel) {\n    cy.wrap(pixel).click().should('have.css', 'background-color', backgroundColor);\n  });\n});\ncy.get('#clear-board').click();\ncy.get('.pixel').each(function (pixel) {\n  cy.wrap(pixel).should('have.css', 'background-color', WHITE);\n});",
              "err": {
                "message": "CypressError: Timed out retrying: Expected to find element: '.color', but never found it.",
                "estack": "CypressError: Timed out retrying: Expected to find element: '.color', but never found it.\n    at cypressErr (http://localhost:42445/__cypress/runner/cypress_runner.js:149934:9)\n    at throwErr (http://localhost:42445/__cypress/runner/cypress_runner.js:149867:11)\n    at Object.throwErrByPath (http://localhost:42445/__cypress/runner/cypress_runner.js:149915:3)\n    at retry (http://localhost:42445/__cypress/runner/cypress_runner.js:144197:19)\n    at onFailFn (http://localhost:42445/__cypress/runner/cypress_runner.js:132448:16)\n    at tryCatcher (http://localhost:42445/__cypress/runner/cypress_runner.js:167415:23)\n    at Promise._settlePromiseFromHandler (http://localhost:42445/__cypress/runner/cypress_runner.js:165351:31)\n    at Promise._settlePromise (http://localhost:42445/__cypress/runner/cypress_runner.js:165408:18)\n    at Promise._settlePromise0 (http://localhost:42445/__cypress/runner/cypress_runner.js:165453:10)\n    at Promise._settlePromises (http://localhost:42445/__cypress/runner/cypress_runner.js:165528:18)\n    at Async../node_modules/bluebird/js/release/async.js.Async._drainQueue (http://localhost:42445/__cypress/runner/cypress_runner.js:162140:16)\n    at Async../node_modules/bluebird/js/release/async.js.Async._drainQueues (http://localhost:42445/__cypress/runner/cypress_runner.js:162150:10)\n    at Async.drainQueues (http://localhost:42445/__cypress/runner/cypress_runner.js:162024:14)",
                "diff": null
              },
              "uuid": "e82ecfb8-e3ae-4900-9896-3cb8616e71fa",
              "parentUUID": "2dbd7804-62f3-4f02-b579-06a42fddef90",
              "isHook": false,
              "skipped": false
            }
          ],
          "suites": [],
          "passes": [],
          "failures": [
            "32cccd31-1773-4ea2-93fa-152ca5c7d8b1",
            "78ecd978-8f39-4fbc-9e04-58c406581b3c",
            "1e81863c-11ec-4558-9b49-784ae9e76885",
            "e82ecfb8-e3ae-4900-9896-3cb8616e71fa"
          ],
          "pending": [],
          "skipped": [],
          "duration": 19275,
          "root": false,
          "rootEmpty": false,
          "_timeout": 2000
        },
        {
          "uuid": "70073e81-34fa-4538-a675-7b5da93300df",
          "title": "10 - Faça o quadro de pixels ter seu tamanho definido pelo usuário.",
          "fullFile": "",
          "file": "",
          "beforeHooks": [],
          "afterHooks": [],
          "tests": [
            {
              "title": "Verifica se existe um input com o id `board-size`",
              "fullTitle": "10 - Faça o quadro de pixels ter seu tamanho definido pelo usuário. Verifica se existe um input com o id `board-size`",
              "timedOut": null,
              "duration": 4849,
              "state": "failed",
              "speed": null,
              "pass": false,
              "fail": true,
              "pending": false,
              "context": null,
              "code": "cy.get('#board-size').should('be.visible');",
              "err": {
                "message": "CypressError: Timed out retrying: Expected to find element: '#board-size', but never found it.",
[...]
                "diff": null
              },
              "uuid": "54d5814f-d0f2-4108-ac81-87bb89e3dcbd",
              "parentUUID": "70073e81-34fa-4538-a675-7b5da93300df",
              "isHook": false,
              "skipped": false
            },
            {
              "title": "Verifica se o novo quadro tem todos os pixels preenchidos com a cor branca",
              "fullTitle": "10 - Faça o quadro de pixels ter seu tamanho definido pelo usuário. Verifica se o novo quadro tem todos os pixels preenchidos com a cor branca",
              "timedOut": null,
              "duration": 4442,
              "state": "failed",
              "speed": null,
              "pass": false,
              "fail": true,
              "pending": false,
              "context": null,
              "code": "cy.get('#board-size').clear().type(6);\ncy.get('#generate-board').click();\ncy.get('.pixel').should('have.length', 36).each(function (pixel) {\n  expect(pixel).to.have.css('background-color', WHITE);\n});",
              "err": {
                "message": "CypressError: Timed out retrying: Expected to find element: '#board-size', but never found it.",
                "estack": "CypressError: Timed out retrying: Expected to find element: '#board-size', but never found it.\n    at cypressErr (http://localhost:42445/__cypress/runner/cypress_runner.js:149934:9)\n    at throwErr (http://localhost:42445/__cypress/runner/cypress_runner.js:149867:11)\n    at Object.throwErrByPath (http://localhost:42445/__cypress/runner/cypress_runner.js:149915:3)\n    at retry (http://localhost:42445/__cypress/runner/cypress_runner.js:144197:19)\n    at onFailFn (http://localhost:42445/__cypress/runner/cypress_runner.js:132448:16)\n    at tryCatcher (http://localhost:42445/__cypress/runner/cypress_runner.js:167415:23)\n    at Promise._settlePromiseFromHandler (http://localhost:42445/__cypress/runner/cypress_runner.js:165351:31)\n    at Promise._settlePromise (http://localhost:42445/__cypress/runner/cypress_runner.js:165408:18)\n    at Promise._settlePromise0 (http://localhost:42445/__cypress/runner/cypress_runner.js:165453:10)\n    at Promise._settlePromises (http://localhost:42445/__cypress/runner/cypress_runner.js:165528:18)\n    at Async../node_modules/bluebird/js/release/async.js.Async._drainQueue (http://localhost:42445/__cypress/runner/cypress_runner.js:162140:16)\n    at Async../node_modules/bluebird/js/release/async.js.Async._drainQueues (http://localhost:42445/__cypress/runner/cypress_runner.js:162150:10)\n    at Async.drainQueues (http://localhost:42445/__cypress/runner/cypress_runner.js:162024:14)",
                "diff": null
              },
              "uuid": "8a07e6a5-2c6d-4a40-b08a-2230dad9fe29",
              "parentUUID": "70073e81-34fa-4538-a675-7b5da93300df",
              "isHook": false,
              "skipped": false
            }
          ],
          "suites": [],
          "passes": [],
          "failures": [
            "b5d51c1b-713c-4f7f-b273-33e3fc84c9f8",
            "09b36b7c-9e9e-4d25-a3bd-51817eea722a",
            "b990dc2e-956f-4e75-8e5b-6ccf62f4757c",
            "62c5ff5d-a0a1-4dbd-9d56-8ca87e686404",
            "5cbbbb8a-b612-436a-a5bd-b051baa1a4aa",
            "6eb574d4-bed3-42a4-a4c8-adb72e26123c",
            "d46879de-6dd2-4352-a38b-2ee565868d27",
            "54d5814f-d0f2-4108-ac81-87bb89e3dcbd",
            "8a07e6a5-2c6d-4a40-b08a-2230dad9fe29"
          ],
          "pending": [],
          "skipped": [],
          "duration": 40611,
          "root": false,
          "rootEmpty": false,
          "_timeout": 2000
        },
        {
          "uuid": "91d016a2-b8be-485b-9211-c1b15c3e3965",
          "title": "11 - Limite o tamanho mínimo e máximo do board.",
          "fullFile": "",
          "file": "",
          "beforeHooks": [],
          "afterHooks": [],
          "tests": [
            {
              "title": "Verifica se a altura máxima do board é 50",
              "fullTitle": "11 - Limite o tamanho mínimo e máximo do board. Verifica se a altura máxima do board é 50",
              "timedOut": null,
              "duration": 4480,
              "state": "failed",
              "speed": null,
              "pass": false,
              "fail": true,
              "pending": false,
              "context": null,
              "code": "cy.get('#board-size').clear().type(50);\ncy.get('#generate-board').click();\ncy.get('.pixel').should('have.length', 2500);",
              "err": {
                "message": "CypressError: Timed out retrying: Expected to find element: '#board-size', but never found it.",
                "estack": "CypressError: Timed out retrying: Expected to find element: '#board-size', but never found it.\n    at cypressErr (http://localhost:42445/__cypress/runner/cypress_runner.js:149934:9)\n    at throwErr (http://localhost:42445/__cypress/runner/cypress_runner.js:149867:11)\n    at Object.throwErrByPath (http://localhost:42445/__cypress/runner/cypress_runner.js:149915:3)\n    at retry (http://localhost:42445/__cypress/runner/cypress_runner.js:144197:19)\n    at onFailFn (http://localhost:42445/__cypress/runner/cypress_runner.js:132448:16)\n    at tryCatcher (http://localhost:42445/__cypress/runner/cypress_runner.js:167415:23)\n    at Promise._settlePromiseFromHandler (http://localhost:42445/__cypress/runner/cypress_runner.js:165351:31)\n    at Promise._settlePromise (http://localhost:42445/__cypress/runner/cypress_runner.js:165408:18)\n    at Promise._settlePromise0 (http://localhost:42445/__cypress/runner/cypress_runner.js:165453:10)\n    at Promise._settlePromises (http://localhost:42445/__cypress/runner/cypress_runner.js:165528:18)\n    at Async../node_modules/bluebird/js/release/async.js.Async._drainQueue (http://localhost:42445/__cypress/runner/cypress_runner.js:162140:16)\n    at Async../node_modules/bluebird/js/release/async.js.Async._drainQueues (http://localhost:42445/__cypress/runner/cypress_runner.js:162150:10)\n    at Async.drainQueues (http://localhost:42445/__cypress/runner/cypress_runner.js:162024:14)",
                "diff": null
              },
              "uuid": "cc4f2282-e75f-4e6e-bd1f-1f7847a4dbb4",
              "parentUUID": "91d016a2-b8be-485b-9211-c1b15c3e3965",
              "isHook": false,
              "skipped": false
            },
            {
              "title": "Verifica se a altura do board é 5 quando um valor menor é colocado no input",
              "fullTitle": "11 - Limite o tamanho mínimo e máximo do board. Verifica se a altura do board é 5 quando um valor menor é colocado no input",
              "timedOut": null,
              "duration": 4402,
              "state": "failed",
              "speed": null,
              "pass": false,
              "fail": true,
              "pending": false,
              "context": null,
              "code": "cy.get('#board-size').clear().type(4);\ncy.get('#generate-board').click();\ncy.get('.pixel').should('have.length', 25);",
              "err": {
                "message": "CypressError: Timed out retrying: Expected to find element: '#board-size', but never found it.",
                "estack": "CypressError: Timed out retrying: Expected to find element: '#board-size', but never found it.\n    at cypressErr (http://localhost:42445/__cypress/runner/cypress_runner.js:149934:9)\n    at throwErr (http://localhost:42445/__cypress/runner/cypress_runner.js:149867:11)\n    at Object.throwErrByPath (http://localhost:42445/__cypress/runner/cypress_runner.js:149915:3)\n    at retry (http://localhost:42445/__cypress/runner/cypress_runner.js:144197:19)\n    at onFailFn (http://localhost:42445/__cypress/runner/cypress_runner.js:132448:16)\n    at tryCatcher (http://localhost:42445/__cypress/runner/cypress_runner.js:167415:23)\n    at Promise._settlePromiseFromHandler (http://localhost:42445/__cypress/runner/cypress_runner.js:165351:31)\n    at Promise._settlePromise (http://localhost:42445/__cypress/runner/cypress_runner.js:165408:18)\n    at Promise._settlePromise0 (http://localhost:42445/__cypress/runner/cypress_runner.js:165453:10)\n    at Promise._settlePromises (http://localhost:42445/__cypress/runner/cypress_runner.js:165528:18)\n    at Async../node_modules/bluebird/js/release/async.js.Async._drainQueue (http://localhost:42445/__cypress/runner/cypress_runner.js:162140:16)\n    at Async../node_modules/bluebird/js/release/async.js.Async._drainQueues (http://localhost:42445/__cypress/runner/cypress_runner.js:162150:10)\n    at Async.drainQueues (http://localhost:42445/__cypress/runner/cypress_runner.js:162024:14)",
                "diff": null
              },
              "uuid": "3c331430-3de6-4e3b-8f7c-2f1922fa5655",
              "parentUUID": "91d016a2-b8be-485b-9211-c1b15c3e3965",
              "isHook": false,
              "skipped": false
            },
            {
              "title": "Verifica se a altura do board é 50 quando um valor maior é colocado no input",
              "fullTitle": "11 - Limite o tamanho mínimo e máximo do board. Verifica se a altura do board é 50 quando um valor maior é colocado no input",
              "timedOut": null,
              "duration": 4459,
              "state": "failed",
              "speed": null,
              "pass": false,
              "fail": true,
              "pending": false,
              "context": null,
              "code": "cy.get('#board-size').clear().type(51);\ncy.get('#generate-board').click();\ncy.get('.pixel').should('have.length', 2500);",
              "err": {
                "message": "CypressError: Timed out retrying: Expected to find element: '#board-size', but never found it.",
                "estack": "CypressError: Timed out retrying: Expected to find element: '#board-size', but never found it.\n    at cypressErr (http://localhost:42445/__cypress/runner/cypress_runner.js:149934:9)\n    at throwErr (http://localhost:42445/__cypress/runner/cypress_runner.js:149867:11)\n    at Object.throwErrByPath (http://localhost:42445/__cypress/runner/cypress_runner.js:149915:3)\n    at retry (http://localhost:42445/__cypress/runner/cypress_runner.js:144197:19)\n    at onFailFn (http://localhost:42445/__cypress/runner/cypress_runner.js:132448:16)\n    at tryCatcher (http://localhost:42445/__cypress/runner/cypress_runner.js:167415:23)\n    at Promise._settlePromiseFromHandler (http://localhost:42445/__cypress/runner/cypress_runner.js:165351:31)\n    at Promise._settlePromise (http://localhost:42445/__cypress/runner/cypress_runner.js:165408:18)\n    at Promise._settlePromise0 (http://localhost:42445/__cypress/runner/cypress_runner.js:165453:10)\n    at Promise._settlePromises (http://localhost:42445/__cypress/runner/cypress_runner.js:165528:18)\n    at Async../node_modules/bluebird/js/release/async.js.Async._drainQueue (http://localhost:42445/__cypress/runner/cypress_runner.js:162140:16)\n    at Async../node_modules/bluebird/js/release/async.js.Async._drainQueues (http://localhost:42445/__cypress/runner/cypress_runner.js:162150:10)\n    at Async.drainQueues (http://localhost:42445/__cypress/runner/cypress_runner.js:162024:14)",
                "diff": null
              },
              "uuid": "beab156a-4f9c-4296-b32c-163828ac3b60",
              "parentUUID": "91d016a2-b8be-485b-9211-c1b15c3e3965",
              "isHook": false,
              "skipped": false
            }
          ],
          "suites": [],
          "passes": [],
          "failures": [
            "cc4f2282-e75f-4e6e-bd1f-1f7847a4dbb4",
            "3c331430-3de6-4e3b-8f7c-2f1922fa5655",
            "beab156a-4f9c-4296-b32c-163828ac3b60"
          ],
          "pending": [],
          "skipped": [],
          "duration": 13341,
          "root": false,
          "rootEmpty": false,
          "_timeout": 2000
        },
        {
          "uuid": "3a7be86b-bec6-4224-a6bc-0b477c004d91",
          "title": "12 - Faça com que as cores da paleta sejam geradas aleatoriamente ao carregar a página.",
          "fullFile": "",
          "file": "",
          "beforeHooks": [],
          "afterHooks": [],
          "tests": [
            {
              "title": "Verifica se as cores geradas na paleta são diferentes a cada carregamento da página",
              "fullTitle": "12 - Faça com que as cores da paleta sejam geradas aleatoriamente ao carregar a página. Verifica se as cores geradas na paleta são diferentes a cada carregamento da página",
              "timedOut": null,
              "duration": 4404,
              "state": "failed",
              "speed": null,
              "pass": false,
              "fail": true,
              "pending": false,
              "context": null,
              "code": "cy.get('.color').then(function (colors) {\n  var currentColors;\n  var previousColors;\n  previousColors = Array.from(colors).map(function (color) {\n    return Cypress.$(color).css('background-color');\n  });\n  for (var i = 0; i < 5; i += 1) {\n    cy.reload();\n    cy.get('.color').then(function (colors) {\n      currentColors = Array.from(colors).map(function (color) {\n        return Cypress.$(color).css('background-color');\n      });\n      expect(currentColors).not.to.deep.equal(previousColors);\n      previousColors = currentColors;\n    });\n  }\n});",
              "err": {
                "message": "CypressError: Timed out retrying: Expected to find element: '.color', but never found it.",
                "estack": "CypressError: Timed out retrying: Expected to find element: '.color', but never found it.\n    at cypressErr (http://localhost:42445/__cypress/runner/cypress_runner.js:149934:9)\n    at throwErr (http://localhost:42445/__cypress/runner/cypress_runner.js:149867:11)\n    at Object.throwErrByPath (http://localhost:42445/__cypress/runner/cypress_runner.js:149915:3)\n    at retry (http://localhost:42445/__cypress/runner/cypress_runner.js:144197:19)\n    at onFailFn (http://localhost:42445/__cypress/runner/cypress_runner.js:132448:16)\n    at tryCatcher (http://localhost:42445/__cypress/runner/cypress_runner.js:167415:23)\n    at Promise._settlePromiseFromHandler (http://localhost:42445/__cypress/runner/cypress_runner.js:165351:31)\n    at Promise._settlePromise (http://localhost:42445/__cypress/runner/cypress_runner.js:165408:18)\n    at Promise._settlePromise0 (http://localhost:42445/__cypress/runner/cypress_runner.js:165453:10)\n    at Promise._settlePromises (http://localhost:42445/__cypress/runner/cypress_runner.js:165528:18)\n    at Async../node_modules/bluebird/js/release/async.js.Async._drainQueue (http://localhost:42445/__cypress/runner/cypress_runner.js:162140:16)\n    at Async../node_modules/bluebird/js/release/async.js.Async._drainQueues (http://localhost:42445/__cypress/runner/cypress_runner.js:162150:10)\n    at Async.drainQueues (http://localhost:42445/__cypress/runner/cypress_runner.js:162024:14)",
                "diff": null
              },
              "uuid": "03014615-f2e8-4157-a474-f8465f76d45e",
              "parentUUID": "3a7be86b-bec6-4224-a6bc-0b477c004d91",
              "isHook": false,
              "skipped": false
            },
            {
              "title": "Verifica se a cor preta ainda está presente e é a primeira na sua paleta de cores",
              "fullTitle": "12 - Faça com que as cores da paleta sejam geradas aleatoriamente ao carregar a página. Verifica se a cor preta ainda está presente e é a primeira na sua paleta de cores",
              "timedOut": null,
              "duration": 4474,
              "state": "failed",
              "speed": null,
              "pass": false,
              "fail": true,
              "pending": false,
              "context": null,
              "code": "cy.get('.color').then(function (colors) {\n  var currentColors;\n  var previousColors;\n  previousColors = Array.from(colors).map(function (color) {\n    return Cypress.$(color).css('background-color');\n  });\n  expect(previousColors[0]).to.eq(BLACK);\n  for (var i = 0; i < 5; i += 1) {\n    cy.reload();\n    cy.get('.color').then(function (colors) {\n      currentColors = Array.from(colors).map(function (color) {\n        return Cypress.$(color).css('background-color');\n      });\n      expect(currentColors[0]).to.eq(BLACK);\n      expect(currentColors).not.to.deep.equal(previousColors);\n      previousColors = currentColors;\n    });\n  }\n});",
              "err": {
                "message": "CypressError: Timed out retrying: Expected to find element: '.color', but never found it.",
                "estack": "CypressError: Timed out retrying: Expected to find element: '.color', but never found it.\n    at cypressErr (http://localhost:42445/__cypress/runner/cypress_runner.js:149934:9)\n    at throwErr (http://localhost:42445/__cypress/runner/cypress_runner.js:149867:11)\n    at Object.throwErrByPath (http://localhost:42445/__cypress/runner/cypress_runner.js:149915:3)\n    at retry (http://localhost:42445/__cypress/runner/cypress_runner.js:144197:19)\n    at onFailFn (http://localhost:42445/__cypress/runner/cypress_runner.js:132448:16)\n    at tryCatcher (http://localhost:42445/__cypress/runner/cypress_runner.js:167415:23)\n    at Promise._settlePromiseFromHandler (http://localhost:42445/__cypress/runner/cypress_runner.js:165351:31)\n    at Promise._settlePromise (http://localhost:42445/__cypress/runner/cypress_runner.js:165408:18)\n    at Promise._settlePromise0 (http://localhost:42445/__cypress/runner/cypress_runner.js:165453:10)\n    at Promise._settlePromises (http://localhost:42445/__cypress/runner/cypress_runner.js:165528:18)\n    at Async../node_modules/bluebird/js/release/async.js.Async._drainQueue (http://localhost:42445/__cypress/runner/cypress_runner.js:162140:16)\n    at Async../node_modules/bluebird/js/release/async.js.Async._drainQueues (http://localhost:42445/__cypress/runner/cypress_runner.js:162150:10)\n    at Async.drainQueues (http://localhost:42445/__cypress/runner/cypress_runner.js:162024:14)",
                "diff": null
              },
              "uuid": "13f4ae6a-6dde-4dd1-9bfb-02dd8686d933",
              "parentUUID": "3a7be86b-bec6-4224-a6bc-0b477c004d91",
              "isHook": false,
              "skipped": false
            }
          ],
          "suites": [],
          "passes": [],
          "failures": [
            "03014615-f2e8-4157-a474-f8465f76d45e",
            "13f4ae6a-6dde-4dd1-9bfb-02dd8686d933"
          ],
          "pending": [],
          "skipped": [],
          "duration": 8878,
          "root": false,
          "rootEmpty": false,
          "_timeout": 2000
        }
      ],
      "passes": [],
      "failures": [],
      "pending": [],
      "skipped": [],
      "duration": 0,
      "root": true,
      "rootEmpty": true,
      "_timeout": 2000
    }
  ],
  "meta": {
    "mocha": {
      "version": "7.0.1"
    },
    "mochawesome": {
      "options": {
        "quiet": false,
        "reportFilename": "mochawesome",
        "saveHtml": false,
        "saveJson": true,
        "consoleReporter": "spec",
        "useInlineDiffs": false
      },
      "version": "4.1.0"
    },
    "marge": {
      "options": {
        "id": "default",
        "reportDir": "cypress/reports",
        "overwrite": true,
        "html": false,
        "json": true
      },
      "version": "4.1.0"
    }
  }
}